<?xml version="1.0" encoding="UTF-8"?>
<testng-results ignored="0" total="2" passed="1" failed="1" skipped="0">
  <reporter-output>
  </reporter-output>
  <suite started-at="2024-01-22T10:08:21 IST" name="Default suite" finished-at="2024-01-22T10:08:54 IST" duration-ms="33053">
    <groups>
      <group name="cucumber">
        <method signature="AbstractTestNGCucumberTests.runScenario(io.cucumber.testng.PickleWrapper,io.cucumber.testng.FeatureWrapper)[pri:0, instance:cucumberOptions.TestNGRunner@6ab778a]" name="runScenario" class="io.cucumber.testng.AbstractTestNGCucumberTests"/>
      </group> <!-- cucumber -->
    </groups>
    <test started-at="2024-01-22T10:08:21 IST" name="Default test" finished-at="2024-01-22T10:08:54 IST" duration-ms="33053">
      <class name="cucumberOptions.TestNGRunner">
        <test-method is-config="true" signature="setUpClass(org.testng.ITestContext)[pri:0, instance:cucumberOptions.TestNGRunner@6ab778a]" started-at="2024-01-22T10:08:21 IST" name="setUpClass" finished-at="2024-01-22T10:08:22 IST" duration-ms="580" status="PASS">
          <params>
            <param index="0">
              <value>
                <![CDATA[org.testng.TestRunner@4bf4680c]]>
              </value>
            </param>
          </params>
          <reporter-output>
          </reporter-output>
        </test-method> <!-- setUpClass -->
        <test-method signature="runScenario(io.cucumber.testng.PickleWrapper,io.cucumber.testng.FeatureWrapper)[pri:0, instance:cucumberOptions.TestNGRunner@6ab778a]" started-at="2024-01-22T10:08:22 IST" name="runScenario" description="Runs Cucumber Scenarios" data-provider="scenarios" finished-at="2024-01-22T10:08:38 IST" duration-ms="16823" status="PASS">
          <params>
            <param index="0">
              <value>
                <![CDATA["User search experience"]]>
              </value>
            </param>
            <param index="1">
              <value>
                <![CDATA["Search and place order for projects"]]>
              </value>
            </param>
          </params>
          <reporter-output>
          </reporter-output>
        </test-method> <!-- runScenario -->
        <test-method signature="runScenario(io.cucumber.testng.PickleWrapper,io.cucumber.testng.FeatureWrapper)[pri:0, instance:cucumberOptions.TestNGRunner@6ab778a]" started-at="2024-01-22T10:08:38 IST" name="runScenario" description="Runs Cucumber Scenarios" data-provider="scenarios" finished-at="2024-01-22T10:08:54 IST" duration-ms="15545" status="FAIL">
          <params>
            <param index="0">
              <value>
                <![CDATA["User search experience"]]>
              </value>
            </param>
            <param index="1">
              <value>
                <![CDATA["Search and place order for projects"]]>
              </value>
            </param>
          </params>
          <exception class="java.lang.AssertionError">
            <message>
              <![CDATA[expected [No data] but found [Beetroot]]]>
            </message>
            <full-stacktrace>
              <![CDATA[java.lang.AssertionError: expected [No data] but found [Beetroot]
at org.testng.Assert.fail(Assert.java:111)
at org.testng.Assert.failNotEquals(Assert.java:1578)
at org.testng.Assert.assertEqualsImpl(Assert.java:150)
at org.testng.Assert.assertEquals(Assert.java:132)
at org.testng.Assert.assertEquals(Assert.java:656)
at org.testng.Assert.assertEquals(Assert.java:666)
at StepDefenitions.OfferPageStepDefinition.user_searched_for_same_shortname_in_offers_page_to_check_if_the_same_product_exists(OfferPageStepDefinition.java:32)
at âœ½.User searched for same shortname Beet in offers page to check if the same product exists(file:///C:/Users/hadim/Documents/MyProjects/Automation_setup/src/test/java/features/web/SearchProduct.feature:8)
]]>
            </full-stacktrace>
          </exception> <!-- java.lang.AssertionError -->
          <reporter-output>
          </reporter-output>
        </test-method> <!-- runScenario -->
        <test-method is-config="true" signature="tearDownClass()[pri:0, instance:cucumberOptions.TestNGRunner@6ab778a]" started-at="2024-01-22T10:08:54 IST" name="tearDownClass" finished-at="2024-01-22T10:08:54 IST" duration-ms="77" status="PASS">
          <reporter-output>
          </reporter-output>
        </test-method> <!-- tearDownClass -->
      </class> <!-- cucumberOptions.TestNGRunner -->
    </test> <!-- Default test -->
  </suite> <!-- Default suite -->
</testng-results>
